[0m13:29:08.879115 [debug] [MainThread]: Sending event: {'category': 'dbt', 'action': 'invocation', 'label': 'start', 'context': [<snowplow_tracker.self_describing_json.SelfDescribingJson object at 0x104f2a400>, <snowplow_tracker.self_describing_json.SelfDescribingJson object at 0x106ae1070>, <snowplow_tracker.self_describing_json.SelfDescribingJson object at 0x106ae1ac0>]}


============================== 13:29:08.881917 | 64b43463-4955-486a-bcae-c1932d1a6605 ==============================
[0m13:29:08.881917 [info ] [MainThread]: Running with dbt=1.11.0-b3
[0m13:29:08.882160 [debug] [MainThread]: running dbt with arguments {'use_colors': 'True', 'version_check': 'True', 'indirect_selection': 'eager', 'log_format': 'default', 'send_anonymous_usage_stats': 'True', 'invocation_command': 'dbt init', 'profiles_dir': '/Users/admin/.dbt', 'debug': 'False', 'no_print': 'None', 'log_path': 'logs', 'target_path': 'None', 'empty': 'None', 'printer_width': '80', 'log_cache_events': 'False', 'warn_error_options': 'WarnErrorOptionsV2(error=[], warn=[], silence=[])', 'use_experimental_parser': 'False', 'fail_fast': 'False', 'introspect': 'True', 'warn_error': 'None', 'static_parser': 'True', 'quiet': 'False', 'cache_selected_only': 'False', 'write_json': 'True', 'partial_parse': 'True'}
[0m13:29:40.362919 [debug] [MainThread]: Starter project path: /opt/anaconda3/envs/decamp/lib/python3.9/site-packages/dbt/include/starter_project
[0m13:29:40.372589 [info ] [MainThread]: 
Your new dbt project "warehouse" was created!

For more information on how to configure the profiles.yml file,
please consult the dbt documentation here:

  https://docs.getdbt.com/docs/configure-your-profile

One more thing:

Need help? Don't hesitate to reach out to us via GitHub issues or on Slack:

  https://community.getdbt.com/

Happy modeling!

[0m13:29:40.373671 [info ] [MainThread]: Setting up your profile.
[0m13:30:06.425677 [info ] [MainThread]: Profile warehouse written to /Users/admin/.dbt/profiles.yml using target's profile_template.yml and your supplied values. Run 'dbt debug' to validate the connection.
[0m13:30:06.433109 [debug] [MainThread]: Resource report: {"command_name": "init", "command_success": true, "command_wall_clock_time": 57.584747, "process_in_blocks": "0", "process_kernel_time": 0.364705, "process_mem_max_rss": "196591616", "process_out_blocks": "0", "process_user_time": 3.863585}
[0m13:30:06.433980 [debug] [MainThread]: Command `dbt init` succeeded at 13:30:06.433855 after 57.59 seconds
[0m13:30:06.434621 [debug] [MainThread]: Sending event: {'category': 'dbt', 'action': 'invocation', 'label': 'end', 'context': [<snowplow_tracker.self_describing_json.SelfDescribingJson object at 0x104f2a400>, <snowplow_tracker.self_describing_json.SelfDescribingJson object at 0x10093dca0>, <snowplow_tracker.self_describing_json.SelfDescribingJson object at 0x10093dc70>]}
[0m13:30:06.435200 [debug] [MainThread]: Flushing usage events
[0m13:30:07.724259 [debug] [MainThread]: An error was encountered while trying to flush usage events
